mode: atomic
github.com/duynhlab/shipping-service/internal/logic/v1/service.go:17.74,21.2 1 7
github.com/duynhlab/shipping-service/internal/logic/v1/service.go:23.111,32.16 4 3
github.com/duynhlab/shipping-service/internal/logic/v1/service.go:32.16,33.49 1 2
github.com/duynhlab/shipping-service/internal/logic/v1/service.go:33.49,36.4 2 1
github.com/duynhlab/shipping-service/internal/logic/v1/service.go:37.3,38.18 2 1
github.com/duynhlab/shipping-service/internal/logic/v1/service.go:41.2,48.22 2 1
github.com/duynhlab/shipping-service/internal/logic/v1/service.go:52.143,70.27 7 4
github.com/duynhlab/shipping-service/internal/logic/v1/service.go:70.27,73.3 2 2
github.com/duynhlab/shipping-service/internal/logic/v1/service.go:76.2,76.17 1 4
github.com/duynhlab/shipping-service/internal/logic/v1/service.go:76.17,78.3 1 2
github.com/duynhlab/shipping-service/internal/logic/v1/service.go:80.2,97.22 4 4
github.com/duynhlab/shipping-service/internal/logic/v1/service.go:101.111,110.16 4 3
github.com/duynhlab/shipping-service/internal/logic/v1/service.go:110.16,111.49 1 2
github.com/duynhlab/shipping-service/internal/logic/v1/service.go:111.49,114.4 2 1
github.com/duynhlab/shipping-service/internal/logic/v1/service.go:115.3,116.18 2 1
github.com/duynhlab/shipping-service/internal/logic/v1/service.go:119.2,125.22 2 1
